
 -- Tue May  3 18:32:50 2016
 Warning: sigma increased due to equal function values
   Reconsider the formulation of the objective function

 -- Tue May  3 19:20:56 2016
 Warning: sigma increased due to equal function values
   Reconsider the formulation of the objective function

 -- Wed Oct 19 15:49:04 2016
 readpara_SetWeights(): invalid setting of mu or lambda

 -- Wed Oct 19 15:49:04 2016
 *** Exiting cmaes_t ***

 -- Wed Oct 19 15:49:04 2016
 readpara_SetWeights(): invalid setting of mu or lambda

 -- Wed Oct 19 15:49:04 2016
 *** Exiting cmaes_t ***

 -- Wed Oct 19 15:49:09 2016
 readpara_SetWeights(): invalid setting of mu or lambda

 -- Wed Oct 19 15:49:09 2016
 *** Exiting cmaes_t ***

 -- Wed Oct 19 15:49:09 2016
 readpara_SetWeights(): invalid setting of mu or lambda

 -- Wed Oct 19 15:49:09 2016
 *** Exiting cmaes_t ***

 -- Thu Oct 20 16:01:39 2016
 Warning: sigma increased due to equal function values
   Reconsider the formulation of the objective function

 -- Thu Oct 20 16:02:11 2016
 Warning: sigma increased due to equal function values
   Reconsider the formulation of the objective function

 -- Thu Oct 20 16:03:54 2016
 Warning: sigma increased due to equal function values
   Reconsider the formulation of the objective function

 -- Thu Oct 20 16:04:49 2016
 Warning: sigma increased due to equal function values
   Reconsider the formulation of the objective function

 -- Thu Oct 20 16:06:01 2016
 Warning: sigma increased due to equal function values
   Reconsider the formulation of the objective function

 -- Thu Oct 20 16:06:57 2016
 Warning: sigma increased due to equal function values
   Reconsider the formulation of the objective function

 -- Thu Oct 20 16:06:58 2016
 Warning: sigma increased due to equal function values
   Reconsider the formulation of the objective function

 -- Thu Oct 20 16:07:39 2016
 Warning: sigma increased due to equal function values
   Reconsider the formulation of the objective function

 -- Thu Oct 20 16:07:39 2016
 Warning: sigma increased due to equal function values
   Reconsider the formulation of the objective function

 -- Thu Oct 20 16:07:47 2016
 Warning: sigma increased due to equal function values
   Reconsider the formulation of the objective function

 -- Thu Oct 20 16:09:17 2016
 Warning: sigma increased due to equal function values
   Reconsider the formulation of the objective function

 -- Thu Oct 20 16:10:07 2016
 Warning: sigma increased due to equal function values
   Reconsider the formulation of the objective function

 -- Thu Oct 20 16:10:08 2016
 Warning: sigma increased due to equal function values
   Reconsider the formulation of the objective function

 -- Thu Oct 20 16:10:13 2016
 Warning: sigma increased due to equal function values
   Reconsider the formulation of the objective function

 -- Thu Oct 20 16:12:47 2016
 Warning: sigma increased due to equal function values
   Reconsider the formulation of the objective function

 -- Thu Oct 20 16:12:48 2016
 Warning: sigma increased due to equal function values
   Reconsider the formulation of the objective function

 -- Thu Oct 20 16:12:54 2016
 Warning: sigma increased due to equal function values
   Reconsider the formulation of the objective function

 -- Thu Oct 20 16:12:55 2016
 Warning: sigma increased due to equal function values
   Reconsider the formulation of the objective function

 -- Thu Oct 20 16:12:59 2016
 Warning: sigma increased due to equal function values
   Reconsider the formulation of the objective function

 -- Thu Oct 20 16:12:59 2016
 Warning: sigma increased due to equal function values
   Reconsider the formulation of the objective function

 -- Thu Oct 20 16:13:04 2016
 Warning: sigma increased due to equal function values
   Reconsider the formulation of the objective function

 -- Thu Oct 20 16:13:05 2016
 Warning: sigma increased due to equal function values
   Reconsider the formulation of the objective function

 -- Thu Oct 20 16:13:10 2016
 Warning: sigma increased due to equal function values
   Reconsider the formulation of the objective function

 -- Thu Oct 20 16:13:11 2016
 Warning: sigma increased due to equal function values
   Reconsider the formulation of the objective function

 -- Thu Oct 20 16:19:55 2016
 Warning: sigma increased due to equal function values
   Reconsider the formulation of the objective function

 -- Thu Oct 20 16:19:56 2016
 Warning: sigma increased due to equal function values
   Reconsider the formulation of the objective function

 -- Thu Oct 20 16:23:41 2016
 Warning: sigma increased due to equal function values
   Reconsider the formulation of the objective function

 -- Thu Oct 20 16:23:41 2016
 Warning: sigma increased due to equal function values
   Reconsider the formulation of the objective function

 -- Mon Nov  7 16:15:53 2016
 Warning: sigma increased due to equal function values
   Reconsider the formulation of the objective function

 -- Mon Nov  7 16:15:53 2016
 Warning: sigma increased due to equal function values
   Reconsider the formulation of the objective function

 -- Mon Nov  7 18:26:47 2016
 Warning: sigma increased due to equal function values
   Reconsider the formulation of the objective function

 -- Mon Nov  7 18:26:47 2016
 Warning: sigma increased due to equal function values
   Reconsider the formulation of the objective function

 -- Mon Nov  7 18:27:24 2016
 Warning: sigma increased due to equal function values
   Reconsider the formulation of the objective function

 -- Mon Nov  7 18:27:24 2016
 Warning: sigma increased due to equal function values
   Reconsider the formulation of the objective function

 -- Mon Nov  7 18:29:39 2016
 Warning: sigma increased due to equal function values
   Reconsider the formulation of the objective function

 -- Mon Nov  7 18:29:39 2016
 Warning: sigma increased due to equal function values
   Reconsider the formulation of the objective function
